#
# There is insufficient memory for the Java Runtime Environment to continue.
# Native memory allocation (malloc) failed to allocate 722336 bytes for Chunk::new
# Possible reasons:
#   The system is out of physical RAM or swap space
#   In 32 bit mode, the process size limit was hit
# Possible solutions:
#   Reduce memory load on the system
#   Increase physical memory or swap space
#   Check if swap backing store is full
#   Use 64 bit Java on a 64 bit OS
#   Decrease Java heap size (-Xmx/-Xms)
#   Decrease number of Java threads
#   Decrease Java thread stack sizes (-Xss)
#   Set larger code cache with -XX:ReservedCodeCacheSize=
# This output file may be truncated or incomplete.
#
#  Out of Memory Error (allocation.cpp:390), pid=7176, tid=0x0000000000002650
#
# JRE version: OpenJDK Runtime Environment (8.0_152-b01) (build 1.8.0_152-release-915-b01)
# Java VM: OpenJDK 64-Bit Server VM (25.152-b01 mixed mode windows-amd64 compressed oops)
# Failed to write core dump. Minidumps are not enabled by default on client versions of Windows
#

---------------  T H R E A D  ---------------

Current thread (0x000000001853d800):  JavaThread "C2 CompilerThread0" daemon [_thread_in_native, id=9808, stack(0x0000000019ba0000,0x0000000019ca0000)]

Stack: [0x0000000019ba0000,0x0000000019ca0000]
[error occurred during error reporting (printing stack bounds), id 0xc0000005]

Native frames: (J=compiled Java code, j=interpreted, Vv=VM code, C=native code)


Current CompileTask:
C2:3543980 18930       4       com.android.dex.EncodedValueReader::skipValue (364 bytes)


---------------  P R O C E S S  ---------------

Java Threads: ( => current thread )
  0x000000001b525800 JavaThread "ForkJoinPool.commonPool-worker-3" daemon [_thread_blocked, id=3996, stack(0x000000002b4d0000,0x000000002b5d0000)]
  0x000000001b524800 JavaThread "ForkJoinPool.commonPool-worker-1" daemon [_thread_in_Java, id=3896, stack(0x000000002b3d0000,0x000000002b4d0000)]
  0x000000001b526000 JavaThread "ForkJoinPool.commonPool-worker-0" daemon [_thread_blocked, id=7812, stack(0x000000002b1d0000,0x000000002b2d0000)]
  0x000000001b52b800 JavaThread "ForkJoinPool.commonPool-worker-2" daemon [_thread_blocked, id=6472, stack(0x000000002afd0000,0x000000002b0d0000)]
  0x000000001b52a000 JavaThread "Cache worker for Java compile cache (C:\Users\shiva\AndroidStudioProjects\IEDAARM5\.gradle\4.1\javaCompile)" [_thread_blocked, id=10040, stack(0x000000002add0000,0x000000002aed0000)]
  0x000000001f658000 JavaThread "Task worker for ':' Thread 3" [_thread_blocked, id=7280, stack(0x0000000029dd0000,0x0000000029ed0000)]
  0x000000001f65a800 JavaThread "Task worker for ':' Thread 2" [_thread_blocked, id=7776, stack(0x0000000029cd0000,0x0000000029dd0000)]
  0x000000001f657800 JavaThread "Task worker for ':'" [_thread_blocked, id=3704, stack(0x0000000029bd0000,0x0000000029cd0000)]
  0x000000001f65d800 JavaThread "Cache worker for task history cache (C:\Users\shiva\AndroidStudioProjects\IEDAARM5\.gradle\4.1\taskHistory)" [_thread_blocked, id=6128, stack(0x0000000029ad0000,0x0000000029bd0000)]
  0x000000001f65c800 JavaThread "Cache worker for file content cache (C:\Users\shiva\AndroidStudioProjects\IEDAARM5\.gradle\4.1\fileContent)" [_thread_blocked, id=9312, stack(0x00000000299d0000,0x0000000029ad0000)]
  0x000000001f65b000 JavaThread "build operations Thread 4" [_thread_blocked, id=8996, stack(0x00000000298d0000,0x00000000299d0000)]
  0x000000001f65e000 JavaThread "build operations Thread 3" [_thread_blocked, id=3292, stack(0x00000000297d0000,0x00000000298d0000)]
  0x000000001f65c000 JavaThread "build operations Thread 2" [_thread_blocked, id=2540, stack(0x00000000296d0000,0x00000000297d0000)]
  0x000000001f659000 JavaThread "build operations" [_thread_blocked, id=8156, stack(0x00000000295d0000,0x00000000296d0000)]
  0x000000001f659800 JavaThread "Cache worker for Artifact transforms cache (C:\Users\shiva\.gradle\caches\transforms-1)" [_thread_blocked, id=9420, stack(0x00000000294d0000,0x00000000295d0000)]
  0x000000001f651800 JavaThread "Cache worker for file hash cache (C:\Users\shiva\AndroidStudioProjects\IEDAARM5\.gradle\4.1\fileHashes)" [_thread_blocked, id=9780, stack(0x00000000293d0000,0x00000000294d0000)]
  0x000000001f653800 JavaThread "Asynchronous log dispatcher for DefaultDaemonConnection: socket connection from /127.0.0.1:50054 to /127.0.0.1:50685" [_thread_blocked, id=4912, stack(0x00000000291d0000,0x00000000292d0000)]
  0x000000001f656800 JavaThread "Daemon worker Thread 4" [_thread_blocked, id=10108, stack(0x00000000290d0000,0x00000000291d0000)]
  0x000000001f655000 JavaThread "Cancel handler" [_thread_blocked, id=6708, stack(0x0000000028fd0000,0x00000000290d0000)]
  0x000000001f653000 JavaThread "Handler for socket connection from /127.0.0.1:50054 to /127.0.0.1:50685" [_thread_in_native, id=5892, stack(0x0000000028ed0000,0x0000000028fd0000)]
  0x000000001f656000 JavaThread "Daemon Thread 4" [_thread_blocked, id=1116, stack(0x0000000028dd0000,0x0000000028ed0000)]
  0x000000001b529000 JavaThread "Memory manager" [_thread_blocked, id=1688, stack(0x0000000021c60000,0x0000000021d60000)]
  0x000000001a6ee800 JavaThread "File lock request listener" [_thread_in_native, id=5752, stack(0x000000001cff0000,0x000000001d0f0000)]
  0x0000000019f77000 JavaThread "Cache worker for file hash cache (C:\Users\shiva\.gradle\caches\4.1\fileHashes)" [_thread_blocked, id=9012, stack(0x000000001cef0000,0x000000001cff0000)]
  0x000000001b032800 JavaThread "Daemon periodic checks" [_thread_blocked, id=10016, stack(0x000000001c3f0000,0x000000001c4f0000)]
  0x000000001b025000 JavaThread "Incoming local TCP Connector on port 50054" [_thread_in_native, id=9856, stack(0x000000001c1b0000,0x000000001c2b0000)]
  0x000000001859a000 JavaThread "Service Thread" daemon [_thread_blocked, id=6868, stack(0x000000001a2a0000,0x000000001a3a0000)]
  0x0000000018568000 JavaThread "C1 CompilerThread2" daemon [_thread_in_vm, id=8928, stack(0x0000000019da0000,0x0000000019ea0000)]
  0x0000000018540800 JavaThread "C2 CompilerThread1" daemon [_thread_in_native, id=10164, stack(0x0000000019ca0000,0x0000000019da0000)]
=>0x000000001853d800 JavaThread "C2 CompilerThread0" daemon [_thread_in_native, id=9808, stack(0x0000000019ba0000,0x0000000019ca0000)]
  0x000000001853a800 JavaThread "Attach Listener" daemon [_thread_blocked, id=9176, stack(0x0000000019aa0000,0x0000000019ba0000)]
  0x0000000004bce800 JavaThread "Signal Dispatcher" daemon [_thread_blocked, id=9480, stack(0x00000000199a0000,0x0000000019aa0000)]
  0x000000001852e000 JavaThread "Finalizer" daemon [_thread_blocked, id=1072, stack(0x00000000197a0000,0x00000000198a0000)]
  0x0000000004bc2800 JavaThread "Reference Handler" daemon [_thread_blocked, id=7248, stack(0x00000000196a0000,0x00000000197a0000)]
  0x0000000004acd800 JavaThread "main" [_thread_blocked, id=10032, stack(0x00000000048d0000,0x00000000049d0000)]

Other Threads:
  0x0000000018505000 VMThread [stack: 0x00000000195a0000,0x00000000196a0000] [id=7728]
  0x0000000019ec6000 WatcherThread [stack: 0x000000001a3a0000,0x000000001a4a0000] [id=5376]

VM state:not at safepoint (normal execution)

VM Mutex/Monitor currently owned by a thread: None

Heap:
 PSYoungGen      total 175104K, used 132570K [0x00000000e0000000, 0x00000000ec700000, 0x0000000100000000)
  eden space 160256K, 78% used [0x00000000e0000000,0x00000000e7af8350,0x00000000e9c80000)
  from space 14848K, 44% used [0x00000000ea800000,0x00000000eae7e688,0x00000000eb680000)
  to   space 11776K, 0% used [0x00000000e9c80000,0x00000000e9c80000,0x00000000ea800000)
 ParOldGen       total 120832K, used 103295K [0x00000000a0000000, 0x00000000a7600000, 0x00000000e0000000)
  object space 120832K, 85% used [0x00000000a0000000,0x00000000a64dffa0,0x00000000a7600000)
 Metaspace       used 81573K, capacity 85106K, committed 87384K, reserved 1124352K
  class space    used 10222K, capacity 11149K, committed 11648K, reserved 1048576K

Card table byte_map: [0x0000000013f90000,0x00000000142a0000] byte_map_base: 0x0000000013a90000

Marking Bits: (ParMarkBitMap*) 0x0000000061463950
 Begin Bits: [0x00000000148a0000, 0x00000000160a0000)
 End Bits:   [0x00000000160a0000, 0x00000000178a0000)

Polling page: 0x0000000004840000

CodeCache: size=245760Kb used=56766Kb max_used=56766Kb free=188994Kb
 bounds [0x0000000004bd0000, 0x0000000008390000, 0x0000000013bd0000]
 total_blobs=16369 nmethods=15513 adapters=768
 compilation: enabled

Compilation events (10 events):
Event: 3543.244 Thread 0x0000000018568000 nmethod 19036 0x0000000008355550 code [0x00000000083556a0, 0x00000000083557b0]
Event: 3543.244 Thread 0x0000000018568000 19037       2       com.android.dx.io.instructions.InstructionCodec::byte0 (6 bytes)
Event: 3543.244 Thread 0x0000000018568000 nmethod 19037 0x0000000008355810 code [0x0000000008355960, 0x0000000008355a90]
Event: 3543.244 Thread 0x0000000018568000 19038       2       com.android.dx.io.instructions.DecodedInstruction::decode (24 bytes)
Event: 3543.245 Thread 0x0000000018568000 nmethod 19038 0x0000000008355b10 code [0x0000000008355ca0, 0x0000000008355f88]
Event: 3543.246 Thread 0x0000000018568000 19039       2       com.android.dx.io.CodeReader::callVisit (123 bytes)
Event: 3543.247 Thread 0x0000000018568000 nmethod 19039 0x0000000008356250 code [0x00000000083563c0, 0x0000000008356678]
Event: 3543.247 Thread 0x0000000018568000 19040       2       com.android.dx.merge.InstructionTransformer::access$808 (12 bytes)
Event: 3543.247 Thread 0x0000000018568000 nmethod 19040 0x0000000008356850 code [0x00000000083569a0, 0x0000000008356ad0]
Event: 3543.248 Thread 0x0000000018568000 19041       2       com.android.dx.io.instructions.DecodedInstruction::encode (10 bytes)

GC Heap History (10 events):
Event: 3525.306 GC heap before
{Heap before GC invocations=74 (full 4):
 PSYoungGen      total 171008K, used 158536K [0x00000000e0000000, 0x00000000eb680000, 0x0000000100000000)
  eden space 155136K, 100% used [0x00000000e0000000,0x00000000e9780000,0x00000000e9780000)
  from space 15872K, 21% used [0x00000000e9780000,0x00000000e9ad20b0,0x00000000ea700000)
  to   space 14848K, 0% used [0x00000000ea800000,0x00000000ea800000,0x00000000eb680000)
 ParOldGen       total 120832K, used 94344K [0x00000000a0000000, 0x00000000a7600000, 0x00000000e0000000)
  object space 120832K, 78% used [0x00000000a0000000,0x00000000a5c22048,0x00000000a7600000)
 Metaspace       used 80595K, capacity 84126K, committed 86872K, reserved 1124352K
  class space    used 10117K, capacity 11069K, committed 11648K, reserved 1048576K
Event: 3525.332 GC heap after
Heap after GC invocations=74 (full 4):
 PSYoungGen      total 169984K, used 3592K [0x00000000e0000000, 0x00000000eb680000, 0x0000000100000000)
  eden space 155136K, 0% used [0x00000000e0000000,0x00000000e0000000,0x00000000e9780000)
  from space 14848K, 24% used [0x00000000ea800000,0x00000000eab82090,0x00000000eb680000)
  to   space 15872K, 0% used [0x00000000e9780000,0x00000000e9780000,0x00000000ea700000)
 ParOldGen       total 120832K, used 96048K [0x00000000a0000000, 0x00000000a7600000, 0x00000000e0000000)
  object space 120832K, 79% used [0x00000000a0000000,0x00000000a5dcc0d8,0x00000000a7600000)
 Metaspace       used 80595K, capacity 84126K, committed 86872K, reserved 1124352K
  class space    used 10117K, capacity 11069K, committed 11648K, reserved 1048576K
}
Event: 3526.426 GC heap before
{Heap before GC invocations=75 (full 4):
 PSYoungGen      total 169984K, used 158728K [0x00000000e0000000, 0x00000000eb680000, 0x0000000100000000)
  eden space 155136K, 100% used [0x00000000e0000000,0x00000000e9780000,0x00000000e9780000)
  from space 14848K, 24% used [0x00000000ea800000,0x00000000eab82090,0x00000000eb680000)
  to   space 15872K, 0% used [0x00000000e9780000,0x00000000e9780000,0x00000000ea700000)
 ParOldGen       total 120832K, used 96048K [0x00000000a0000000, 0x00000000a7600000, 0x00000000e0000000)
  object space 120832K, 79% used [0x00000000a0000000,0x00000000a5dcc0d8,0x00000000a7600000)
 Metaspace       used 80598K, capacity 84126K, committed 86872K, reserved 1124352K
  class space    used 10118K, capacity 11069K, committed 11648K, reserved 1048576K
Event: 3526.456 GC heap after
Heap after GC invocations=75 (full 4):
 PSYoungGen      total 171008K, used 3736K [0x00000000e0000000, 0x00000000eb680000, 0x0000000100000000)
  eden space 155136K, 0% used [0x00000000e0000000,0x00000000e0000000,0x00000000e9780000)
  from space 15872K, 23% used [0x00000000e9780000,0x00000000e9b26060,0x00000000ea700000)
  to   space 14848K, 0% used [0x00000000ea800000,0x00000000ea800000,0x00000000eb680000)
 ParOldGen       total 120832K, used 97536K [0x00000000a0000000, 0x00000000a7600000, 0x00000000e0000000)
  object space 120832K, 80% used [0x00000000a0000000,0x00000000a5f400d8,0x00000000a7600000)
 Metaspace       used 80598K, capacity 84126K, committed 86872K, reserved 1124352K
  class space    used 10118K, capacity 11069K, committed 11648K, reserved 1048576K
}
Event: 3527.558 GC heap before
{Heap before GC invocations=76 (full 4):
 PSYoungGen      total 171008K, used 158872K [0x00000000e0000000, 0x00000000eb680000, 0x0000000100000000)
  eden space 155136K, 100% used [0x00000000e0000000,0x00000000e9780000,0x00000000e9780000)
  from space 15872K, 23% used [0x00000000e9780000,0x00000000e9b26060,0x00000000ea700000)
  to   space 14848K, 0% used [0x00000000ea800000,0x00000000ea800000,0x00000000eb680000)
 ParOldGen       total 120832K, used 97536K [0x00000000a0000000, 0x00000000a7600000, 0x00000000e0000000)
  object space 120832K, 80% used [0x00000000a0000000,0x00000000a5f400d8,0x00000000a7600000)
 Metaspace       used 80600K, capacity 84126K, committed 86872K, reserved 1124352K
  class space    used 10118K, capacity 11069K, committed 11648K, reserved 1048576K
Event: 3527.593 GC heap after
Heap after GC invocations=76 (full 4):
 PSYoungGen      total 169984K, used 5680K [0x00000000e0000000, 0x00000000eb680000, 0x0000000100000000)
  eden space 155136K, 0% used [0x00000000e0000000,0x00000000e0000000,0x00000000e9780000)
  from space 14848K, 38% used [0x00000000ea800000,0x00000000ead8c0d0,0x00000000eb680000)
  to   space 15872K, 0% used [0x00000000e9780000,0x00000000e9780000,0x00000000ea700000)
 ParOldGen       total 120832K, used 99416K [0x00000000a0000000, 0x00000000a7600000, 0x00000000e0000000)
  object space 120832K, 82% used [0x00000000a0000000,0x00000000a61160d8,0x00000000a7600000)
 Metaspace       used 80600K, capacity 84126K, committed 86872K, reserved 1124352K
  class space    used 10118K, capacity 11069K, committed 11648K, reserved 1048576K
}
Event: 3528.776 GC heap before
{Heap before GC invocations=77 (full 4):
 PSYoungGen      total 169984K, used 160816K [0x00000000e0000000, 0x00000000eb680000, 0x0000000100000000)
  eden space 155136K, 100% used [0x00000000e0000000,0x00000000e9780000,0x00000000e9780000)
  from space 14848K, 38% used [0x00000000ea800000,0x00000000ead8c0d0,0x00000000eb680000)
  to   space 15872K, 0% used [0x00000000e9780000,0x00000000e9780000,0x00000000ea700000)
 ParOldGen       total 120832K, used 99416K [0x00000000a0000000, 0x00000000a7600000, 0x00000000e0000000)
  object space 120832K, 82% used [0x00000000a0000000,0x00000000a61160d8,0x00000000a7600000)
 Metaspace       used 80634K, capacity 84190K, committed 86872K, reserved 1124352K
  class space    used 10118K, capacity 11069K, committed 11648K, reserved 1048576K
Event: 3528.820 GC heap after
Heap after GC invocations=77 (full 4):
 PSYoungGen      total 171008K, used 4528K [0x00000000e0000000, 0x00000000eb680000, 0x0000000100000000)
  eden space 155136K, 0% used [0x00000000e0000000,0x00000000e0000000,0x00000000e9780000)
  from space 15872K, 28% used [0x00000000e9780000,0x00000000e9bec0c0,0x00000000ea700000)
  to   space 14848K, 0% used [0x00000000ea800000,0x00000000ea800000,0x00000000eb680000)
 ParOldGen       total 120832K, used 101391K [0x00000000a0000000, 0x00000000a7600000, 0x00000000e0000000)
  object space 120832K, 83% used [0x00000000a0000000,0x00000000a6303f90,0x00000000a7600000)
 Metaspace       used 80634K, capacity 84190K, committed 86872K, reserved 1124352K
  class space    used 10118K, capacity 11069K, committed 11648K, reserved 1048576K
}
Event: 3541.749 GC heap before
{Heap before GC invocations=78 (full 4):
 PSYoungGen      total 171008K, used 159664K [0x00000000e0000000, 0x00000000eb680000, 0x0000000100000000)
  eden space 155136K, 100% used [0x00000000e0000000,0x00000000e9780000,0x00000000e9780000)
  from space 15872K, 28% used [0x00000000e9780000,0x00000000e9bec0c0,0x00000000ea700000)
  to   space 14848K, 0% used [0x00000000ea800000,0x00000000ea800000,0x00000000eb680000)
 ParOldGen       total 120832K, used 101391K [0x00000000a0000000, 0x00000000a7600000, 0x00000000e0000000)
  object space 120832K, 83% used [0x00000000a0000000,0x00000000a6303f90,0x00000000a7600000)
 Metaspace       used 80945K, capacity 84522K, committed 86872K, reserved 1124352K
  class space    used 10151K, capacity 11081K, committed 11648K, reserved 1048576K
Event: 3541.781 GC heap after
Heap after GC invocations=78 (full 4):
 PSYoungGen      total 175104K, used 6649K [0x00000000e0000000, 0x00000000ec700000, 0x0000000100000000)
  eden space 160256K, 0% used [0x00000000e0000000,0x00000000e0000000,0x00000000e9c80000)
  from space 14848K, 44% used [0x00000000ea800000,0x00000000eae7e688,0x00000000eb680000)
  to   space 11776K, 0% used [0x00000000e9c80000,0x00000000e9c80000,0x00000000ea800000)
 ParOldGen       total 120832K, used 103295K [0x00000000a0000000, 0x00000000a7600000, 0x00000000e0000000)
  object space 120832K, 85% used [0x00000000a0000000,0x00000000a64dffa0,0x00000000a7600000)
 Metaspace       used 80945K, capacity 84522K, committed 86872K, reserved 1124352K
  class space    used 10151K, capacity 11081K, committed 11648K, reserved 1048576K
}

Deoptimization events (10 events):
Event: 3543.024 Thread 0x000000001b524800 Uncommon trap: reason=class_check action=maybe_recompile pc=0x00000000082ddbdc method=com.android.dx.merge.DexMerger$IdMerger$UnsortedValue.compareTo(Lcom/android/dx/merge/DexMerger$IdMerger$UnsortedValue;)I @ 8
Event: 3543.024 Thread 0x000000001b524800 Uncommon trap: reason=class_check action=maybe_recompile pc=0x00000000082ddbdc method=com.android.dx.merge.DexMerger$IdMerger$UnsortedValue.compareTo(Lcom/android/dx/merge/DexMerger$IdMerger$UnsortedValue;)I @ 8
Event: 3543.024 Thread 0x000000001b524800 Uncommon trap: reason=class_check action=maybe_recompile pc=0x00000000082ddbdc method=com.android.dx.merge.DexMerger$IdMerger$UnsortedValue.compareTo(Lcom/android/dx/merge/DexMerger$IdMerger$UnsortedValue;)I @ 8
Event: 3543.024 Thread 0x000000001b524800 Uncommon trap: reason=class_check action=maybe_recompile pc=0x00000000082ddbdc method=com.android.dx.merge.DexMerger$IdMerger$UnsortedValue.compareTo(Lcom/android/dx/merge/DexMerger$IdMerger$UnsortedValue;)I @ 8
Event: 3543.024 Thread 0x000000001b524800 Uncommon trap: reason=class_check action=maybe_recompile pc=0x00000000082e1738 method=com.android.dx.merge.DexMerger$IdMerger$UnsortedValue.compareTo(Lcom/android/dx/merge/DexMerger$IdMerger$UnsortedValue;)I @ 8
Event: 3543.110 Thread 0x000000001b524800 Uncommon trap: reason=unstable_if action=reinterpret pc=0x0000000008321c20 method=com.android.dex.EncodedValueCodec.readUnsignedInt(Lcom/android/dex/util/ByteInput;IZ)I @ 3
Event: 3543.119 Thread 0x000000001b524800 Uncommon trap: reason=predicate action=maybe_recompile pc=0x00000000082fbb84 method=com.android.dx.merge.DexMerger$IdMerger.mergeSorted()V @ 72
Event: 3543.151 Thread 0x000000001b524800 Uncommon trap: reason=null_check action=make_not_entrant pc=0x00000000071a1d98 method=java.util.TimSort.binarySort([Ljava/lang/Object;IIILjava/util/Comparator;)V @ 215
Event: 3543.155 Thread 0x000000001b524800 Uncommon trap: reason=unstable_if action=reinterpret pc=0x0000000006ac0a14 method=java.util.Arrays$ArrayList.indexOf(Ljava/lang/Object;)I @ 6
Event: 3543.161 Thread 0x000000001b524800 Uncommon trap: reason=unstable_if action=reinterpret pc=0x00000000082ea8b4 method=com.android.dx.merge.IndexMap.adjustString(I)I @ 2

Classes redefined (0 events):
No events

Internal exceptions (10 events):
Event: 3532.443 Thread 0x000000001b524800 Exception <a 'sun/nio/fs/WindowsException'> (0x00000000e268bde0) thrown at [D:\src\AOSP-openjdk-cygwin\jdk8u\hotspot\src\share\vm\prims\jni.cpp, line 709]
Event: 3532.486 Thread 0x000000001f658000 Exception <a 'sun/nio/fs/WindowsException'> (0x00000000e2a4fcf0) thrown at [D:\src\AOSP-openjdk-cygwin\jdk8u\hotspot\src\share\vm\prims\jni.cpp, line 709]
Event: 3532.559 Thread 0x000000001b524800 Exception <a 'sun/nio/fs/WindowsException'> (0x00000000e26bc358) thrown at [D:\src\AOSP-openjdk-cygwin\jdk8u\hotspot\src\share\vm\prims\jni.cpp, line 709]
Event: 3532.617 Thread 0x000000001f658000 Exception <a 'sun/nio/fs/WindowsException'> (0x00000000e2a6a4e0) thrown at [D:\src\AOSP-openjdk-cygwin\jdk8u\hotspot\src\share\vm\prims\jni.cpp, line 709]
Event: 3532.695 Thread 0x000000001f658000 Exception <a 'sun/nio/fs/WindowsException'> (0x00000000e2a9a160) thrown at [D:\src\AOSP-openjdk-cygwin\jdk8u\hotspot\src\share\vm\prims\jni.cpp, line 709]
Event: 3532.696 Thread 0x000000001f658000 Exception <a 'sun/nio/fs/WindowsException'> (0x00000000e2a9afe0) thrown at [D:\src\AOSP-openjdk-cygwin\jdk8u\hotspot\src\share\vm\prims\jni.cpp, line 709]
Event: 3532.696 Thread 0x000000001f658000 Exception <a 'sun/nio/fs/WindowsException'> (0x00000000e2a9bc38) thrown at [D:\src\AOSP-openjdk-cygwin\jdk8u\hotspot\src\share\vm\prims\jni.cpp, line 709]
Event: 3532.696 Thread 0x000000001f658000 Exception <a 'sun/nio/fs/WindowsException'> (0x00000000e2a9d088) thrown at [D:\src\AOSP-openjdk-cygwin\jdk8u\hotspot\src\share\vm\prims\jni.cpp, line 709]
Event: 3543.151 Thread 0x000000001b524800 Implicit null exception at 0x00000000071a1918 to 0x00000000071a1d65
Event: 3543.155 Thread 0x000000001b524800 Implicit null exception at 0x0000000006ac0613 to 0x0000000006ac0a01

Events (10 events):
Event: 3543.216 loading class com/android/dx/io/instructions/SparseSwitchPayloadDecodedInstruction
Event: 3543.216 loading class com/android/dx/io/instructions/SparseSwitchPayloadDecodedInstruction done
Event: 3543.217 loading class com/android/dx/io/instructions/FillArrayDataPayloadDecodedInstruction
Event: 3543.217 loading class com/android/dx/io/instructions/FillArrayDataPayloadDecodedInstruction done
Event: 3543.218 loading class com/android/dx/io/IndexType
Event: 3543.218 loading class com/android/dx/io/IndexType done
Event: 3543.226 loading class com/android/dx/io/CodeReader$1
Event: 3543.226 loading class com/android/dx/io/CodeReader$1 done
Event: 3543.227 loading class com/android/dx/io/instructions/ShortArrayCodeOutput
Event: 3543.227 loading class com/android/dx/io/instructions/ShortArrayCodeOutput done


Dynamic libraries:
0x00007ff622e00000 - 0x00007ff622e31000 	C:\Program Files\Android\Android Studio\jre\bin\java.exe
0x00007ff8d27d0000 - 0x00007ff8d29b0000 	C:\WINDOWS\SYSTEM32\ntdll.dll
0x00007ff8d2650000 - 0x00007ff8d26fe000 	C:\WINDOWS\System32\KERNEL32.DLL
0x00007ff8cf860000 - 0x00007ff8cfac6000 	C:\WINDOWS\System32\KERNELBASE.dll
0x00007ff8d24e0000 - 0x00007ff8d2581000 	C:\WINDOWS\System32\ADVAPI32.dll
0x00007ff8d2220000 - 0x00007ff8d22bd000 	C:\WINDOWS\System32\msvcrt.dll
0x00007ff8d2480000 - 0x00007ff8d24db000 	C:\WINDOWS\System32\sechost.dll
0x00007ff8d0a30000 - 0x00007ff8d0b4f000 	C:\WINDOWS\System32\RPCRT4.dll
0x00007ff8d00e0000 - 0x00007ff8d026f000 	C:\WINDOWS\System32\USER32.dll
0x00007ff8cf840000 - 0x00007ff8cf860000 	C:\WINDOWS\System32\win32u.dll
0x00007ff8d21f0000 - 0x00007ff8d2218000 	C:\WINDOWS\System32\GDI32.dll
0x00007ff8cf500000 - 0x00007ff8cf693000 	C:\WINDOWS\System32\gdi32full.dll
0x00007ff8cf6a0000 - 0x00007ff8cf73b000 	C:\WINDOWS\System32\msvcp_win.dll
0x00007ff8cf740000 - 0x00007ff8cf836000 	C:\WINDOWS\System32\ucrtbase.dll
0x00007ff8c3070000 - 0x00007ff8c32d9000 	C:\WINDOWS\WinSxS\amd64_microsoft.windows.common-controls_6595b64144ccf1df_6.0.16299.309_none_15cfd4c4935e6b11\COMCTL32.dll
0x00007ff8cfca0000 - 0x00007ff8cffa8000 	C:\WINDOWS\System32\combase.dll
0x00007ff8cec30000 - 0x00007ff8ceca2000 	C:\WINDOWS\System32\bcryptPrimitives.dll
0x00007ff8d0270000 - 0x00007ff8d029d000 	C:\WINDOWS\System32\IMM32.DLL
0x000000005fd10000 - 0x000000005fde2000 	C:\Program Files\Android\Android Studio\jre\jre\bin\msvcr100.dll
0x0000000060ca0000 - 0x00000000614de000 	C:\Program Files\Android\Android Studio\jre\jre\bin\server\jvm.dll
0x00007ff8d2340000 - 0x00007ff8d2348000 	C:\WINDOWS\System32\PSAPI.DLL
0x00007ff8bf8b0000 - 0x00007ff8bf8b9000 	C:\WINDOWS\SYSTEM32\WSOCK32.dll
0x00007ff8d22d0000 - 0x00007ff8d233c000 	C:\WINDOWS\System32\WS2_32.dll
0x00007ff8cce90000 - 0x00007ff8cceb3000 	C:\WINDOWS\SYSTEM32\WINMM.dll
0x00007ff8c94e0000 - 0x00007ff8c94ea000 	C:\WINDOWS\SYSTEM32\VERSION.dll
0x00007ff8cce60000 - 0x00007ff8cce8a000 	C:\WINDOWS\SYSTEM32\WINMMBASE.dll
0x00007ff8cecb0000 - 0x00007ff8cecfa000 	C:\WINDOWS\System32\cfgmgr32.dll
0x00007ff8cb430000 - 0x00007ff8cb43f000 	C:\Program Files\Android\Android Studio\jre\jre\bin\verify.dll
0x00007ff8b53e0000 - 0x00007ff8b5409000 	C:\Program Files\Android\Android Studio\jre\jre\bin\java.dll
0x00007ff8b6ba0000 - 0x00007ff8b6bb6000 	C:\Program Files\Android\Android Studio\jre\jre\bin\zip.dll
0x00007ff8d0db0000 - 0x00007ff8d21e6000 	C:\WINDOWS\System32\SHELL32.dll
0x00007ff8d0d00000 - 0x00007ff8d0da6000 	C:\WINDOWS\System32\shcore.dll
0x00007ff8ced00000 - 0x00007ff8cf447000 	C:\WINDOWS\System32\windows.storage.dll
0x00007ff8d2590000 - 0x00007ff8d25e1000 	C:\WINDOWS\System32\shlwapi.dll
0x00007ff8ceb20000 - 0x00007ff8ceb31000 	C:\WINDOWS\System32\kernel.appcore.dll
0x00007ff8ceb60000 - 0x00007ff8cebac000 	C:\WINDOWS\System32\powrprof.dll
0x00007ff8ceb40000 - 0x00007ff8ceb5b000 	C:\WINDOWS\System32\profapi.dll
0x00007ff8a4b60000 - 0x00007ff8a4b7a000 	C:\Program Files\Android\Android Studio\jre\jre\bin\net.dll
0x00007ff8ce350000 - 0x00007ff8ce3b6000 	C:\WINDOWS\system32\mswsock.dll
0x00007ff89ab80000 - 0x00007ff89ab91000 	C:\Program Files\Android\Android Studio\jre\jre\bin\nio.dll
0x00007ff8a2340000 - 0x00007ff8a235e000 	C:\Users\shiva\.gradle\native\25\windows-amd64\native-platform.dll
0x00007ff8a7230000 - 0x00007ff8a723d000 	C:\Program Files\Android\Android Studio\jre\jre\bin\management.dll
0x00007ff8ce510000 - 0x00007ff8ce527000 	C:\WINDOWS\SYSTEM32\CRYPTSP.dll
0x00007ff8cdf50000 - 0x00007ff8cdf83000 	C:\WINDOWS\system32\rsaenh.dll
0x00007ff8ce620000 - 0x00007ff8ce645000 	C:\WINDOWS\SYSTEM32\bcrypt.dll
0x00007ff8cea20000 - 0x00007ff8cea49000 	C:\WINDOWS\SYSTEM32\USERENV.dll
0x00007ff8ce530000 - 0x00007ff8ce53b000 	C:\WINDOWS\SYSTEM32\CRYPTBASE.dll
0x00007ff8ce0e0000 - 0x00007ff8ce119000 	C:\WINDOWS\SYSTEM32\IPHLPAPI.DLL
0x00007ff8d0cf0000 - 0x00007ff8d0cf8000 	C:\WINDOWS\System32\NSI.dll
0x00007ff8c9460000 - 0x00007ff8c9476000 	C:\WINDOWS\SYSTEM32\dhcpcsvc6.DLL
0x00007ff8c9440000 - 0x00007ff8c945a000 	C:\WINDOWS\SYSTEM32\dhcpcsvc.DLL
0x00007ff8ab560000 - 0x00007ff8ab584000 	C:\Program Files\Android\Android Studio\jre\jre\bin\sunec.dll
0x00007ff8ce120000 - 0x00007ff8ce1d6000 	C:\WINDOWS\SYSTEM32\DNSAPI.dll
0x0000000062230000 - 0x0000000062256000 	C:\Program Files\Bonjour\mdnsNSP.dll
0x00007ff8c7460000 - 0x00007ff8c746a000 	C:\Windows\System32\rasadhlp.dll
0x00007ff8c7490000 - 0x00007ff8c7500000 	C:\WINDOWS\System32\fwpuclnt.dll
0x00007ff8b4700000 - 0x00007ff8b470b000 	C:\Program Files\Android\Android Studio\jre\jre\bin\sunmscapi.dll
0x00007ff8cfad0000 - 0x00007ff8cfc9e000 	C:\WINDOWS\System32\CRYPT32.dll
0x00007ff8cebb0000 - 0x00007ff8cebc2000 	C:\WINDOWS\System32\MSASN1.dll
0x00007ff8cdc40000 - 0x00007ff8cdc71000 	C:\WINDOWS\SYSTEM32\ntmarta.dll

VM Arguments:
jvm_args: -Xmx1536m -Dfile.encoding=windows-1252 -Duser.country=IN -Duser.language=en -Duser.variant 
java_command: org.gradle.launcher.daemon.bootstrap.GradleDaemon 4.1
java_class_path (initial): C:\Users\shiva\.gradle\wrapper\dists\gradle-4.1-all\bzyivzo6n839fup2jbap0tjew\gradle-4.1\lib\gradle-launcher-4.1.jar
Launcher Type: SUN_STANDARD

Environment Variables:
PATH=C:\ProgramData\Oracle\Java\javapath;C:\Program Files\Broadcom\Broadcom 802.11 Network Adapter;C:\WINDOWS\system32;C:\WINDOWS;C:\WINDOWS\System32\Wbem;C:\WINDOWS\System32\WindowsPowerShell\v1.0\;c:\Program Files (x86)\ATI Technologies\ATI.ACE\Core-Static;C:\Program Files\MATLAB\R2017b\bin;C:\Users\shiva\AppData\Local\Microsoft\WindowsApps;;C:\Program Files (x86)\Microsoft VS Code\bin
USERNAME=Rahul
OS=Windows_NT
PROCESSOR_IDENTIFIER=AMD64 Family 22 Model 48 Stepping 1, AuthenticAMD



---------------  S Y S T E M  ---------------

OS: Windows 10.0 , 64 bit Build 16299 (10.0.16299.15)

CPU:total 4 (initial active 4) (4 cores per cpu, 1 threads per core) family 22 model 48 stepping 1, cmov, cx8, fxsr, mmx, sse, sse2, sse3, ssse3, sse4.1, sse4.2, popcnt, avx, aes, clmul, mmxext, 3dnowpref, lzcnt, sse4a, tsc, tscinvbit, tscinv, bmi1

Memory: 4k page, physical 3613704k(351696k free), swap 4982792k(864k free)

vm_info: OpenJDK 64-Bit Server VM (25.152-b01) for windows-amd64 JRE (1.8.0_152-release-915-b01), built by "builder" with MS VC++ 10.0 (VS2010)

time: Sat Mar 24 13:26:25 2018
elapsed time: 3543 seconds (0d 0h 59m 3s)

